2015-11-10 15:26:56 10fc InnoDB: Warning: Using innodb_additional_mem_pool_size is DEPRECATED. This option may be removed in future releases, together with the option innodb_use_sys_malloc and with the InnoDB's internal memory allocator.
2015-11-10 15:26:56 4348 [Note] InnoDB: Using mutexes to ref count buffer pool pages
2015-11-10 15:26:56 4348 [Note] InnoDB: The InnoDB memory heap is disabled
2015-11-10 15:26:56 4348 [Note] InnoDB: Mutexes and rw_locks use Windows interlocked functions
2015-11-10 15:26:56 4348 [Note] InnoDB: Memory barrier is not used
2015-11-10 15:26:56 4348 [Note] InnoDB: Compressed tables use zlib 1.2.3
2015-11-10 15:26:56 4348 [Note] InnoDB: Not using CPU crc32 instructions
2015-11-10 15:26:56 4348 [Note] InnoDB: Initializing buffer pool, size = 16.0M
2015-11-10 15:26:56 4348 [Note] InnoDB: Completed initialization of buffer pool
2015-11-10 15:26:56 4348 [Note] InnoDB: Highest supported file format is Barracuda.
2015-11-10 15:26:57 4348 [Note] InnoDB: 128 rollback segment(s) are active.
2015-11-10 15:26:57 4348 [Note] InnoDB: Waiting for purge to start
2015-11-10 15:26:57 4348 [Note] InnoDB:  Percona XtraDB (http://www.percona.com) 5.6.26-74.0 started; log sequence number 1835027
2015-11-10 15:26:57 6140 [Note] InnoDB: Dumping buffer pool(s) not yet started
2015-11-10 15:26:57 4348 [Note] Plugin 'FEEDBACK' is disabled.
2015-11-10 15:26:57 4348 [Note] Server socket created on IP: '::'.
2015-11-10 15:26:57 4348 [Note] Event Scheduler: Loaded 0 events
2015-11-10 15:26:57 4348 [Note] C:\xampp\mysql\bin\mysqld.exe: ready for connections.
Version: '10.1.8-MariaDB'  socket: ''  port: 3306  mariadb.org binary distribution
2015-11-10 15:27:11 5152 [Note] C:\xampp\mysql\bin\mysqld.exe: Normal shutdown

2015-11-10 15:27:11 5152 [Note] Event Scheduler: Purging the queue. 0 events
2015-11-10 15:27:11 5732 [Note] InnoDB: FTS optimize thread exiting.
2015-11-10 15:27:11 5152 [Note] InnoDB: Starting shutdown...
2015-11-10 15:27:13 5152 [Note] InnoDB: Shutdown completed; log sequence number 1835037
2015-11-10 15:27:13 5152 [Note] C:\xampp\mysql\bin\mysqld.exe: Shutdown complete

2018-06-06 12:29:40 16c0 InnoDB: Warning: Using innodb_additional_mem_pool_size is DEPRECATED. This option may be removed in future releases, together with the option innodb_use_sys_malloc and with the InnoDB's internal memory allocator.
2018-06-06 12:29:40 5824 [Note] InnoDB: innodb_empty_free_list_algorithm has been changed to legacy because of small buffer pool size. In order to use backoff, increase buffer pool at least up to 20MB.

2018-06-06 12:29:40 5824 [Note] InnoDB: Using mutexes to ref count buffer pool pages
2018-06-06 12:29:40 5824 [Note] InnoDB: The InnoDB memory heap is disabled
2018-06-06 12:29:40 5824 [Note] InnoDB: Mutexes and rw_locks use Windows interlocked functions
2018-06-06 12:29:40 5824 [Note] InnoDB: _mm_lfence() and _mm_sfence() are used for memory barrier
2018-06-06 12:29:40 5824 [Note] InnoDB: Compressed tables use zlib 1.2.3
2018-06-06 12:29:40 5824 [Note] InnoDB: Using generic crc32 instructions
2018-06-06 12:29:40 5824 [Note] InnoDB: Initializing buffer pool, size = 16.0M
2018-06-06 12:29:40 5824 [Note] InnoDB: Completed initialization of buffer pool
2018-06-06 12:29:40 5824 [Note] InnoDB: Highest supported file format is Barracuda.
2018-06-06 12:29:41 5824 [Note] InnoDB: 128 rollback segment(s) are active.
2018-06-06 12:29:41 5824 [Note] InnoDB: Waiting for purge to start
2018-06-06 12:29:41 5824 [Note] InnoDB:  Percona XtraDB (http://www.percona.com) 5.6.38-83.0 started; log sequence number 1835037
2018-06-06 12:29:41 8880 [Note] InnoDB: Dumping buffer pool(s) not yet started
2018-06-06 12:29:42 5824 [Note] Plugin 'FEEDBACK' is disabled.
2018-06-06 12:29:42 5824 [Note] Server socket created on IP: '::'.
2018-06-06 12:29:42 5824 [Note] c:\xampp\mysql\bin\mysqld.exe: ready for connections.
Version: '10.1.32-MariaDB'  socket: ''  port: 3306  mariadb.org binary distribution
2018-06-06 15:30:28 2544 InnoDB: Warning: Using innodb_additional_mem_pool_size is DEPRECATED. This option may be removed in future releases, together with the option innodb_use_sys_malloc and with the InnoDB's internal memory allocator.
2018-06-06 15:30:28 9540 [Note] InnoDB: innodb_empty_free_list_algorithm has been changed to legacy because of small buffer pool size. In order to use backoff, increase buffer pool at least up to 20MB.

2018-06-06 15:30:28 9540 [Note] InnoDB: Using mutexes to ref count buffer pool pages
2018-06-06 15:30:28 9540 [Note] InnoDB: The InnoDB memory heap is disabled
2018-06-06 15:30:28 9540 [Note] InnoDB: Mutexes and rw_locks use Windows interlocked functions
2018-06-06 15:30:28 9540 [Note] InnoDB: _mm_lfence() and _mm_sfence() are used for memory barrier
2018-06-06 15:30:28 9540 [Note] InnoDB: Compressed tables use zlib 1.2.3
2018-06-06 15:30:28 9540 [Note] InnoDB: Using generic crc32 instructions
2018-06-06 15:30:29 9540 [Note] InnoDB: Initializing buffer pool, size = 16.0M
2018-06-06 15:30:29 9540 [Note] InnoDB: Completed initialization of buffer pool
2018-06-06 15:30:29 9540 [Note] InnoDB: Highest supported file format is Barracuda.
2018-06-06 15:30:29 9540 [Note] InnoDB: The log sequence number 1835037 in ibdata file do not match the log sequence number 1836017 in the ib_logfiles!
2018-06-06 15:30:31 9540 [Note] InnoDB: Restoring possible half-written data pages from the doublewrite buffer...
2018-06-06 15:30:37 9540 [Note] InnoDB: 128 rollback segment(s) are active.
2018-06-06 15:30:37 9540 [Note] InnoDB: Waiting for purge to start
2018-06-06 15:30:37 9540 [Note] InnoDB:  Percona XtraDB (http://www.percona.com) 5.6.38-83.0 started; log sequence number 1836017
2018-06-06 15:30:37 9808 [Note] InnoDB: Dumping buffer pool(s) not yet started
2018-06-06 15:30:37 9540 [Note] Plugin 'FEEDBACK' is disabled.
2018-06-06 15:30:37 9540 [Note] Server socket created on IP: '::'.
2018-06-06 15:30:38 9540 [Note] c:\xampp\mysql\bin\mysqld.exe: ready for connections.
Version: '10.1.32-MariaDB'  socket: ''  port: 3306  mariadb.org binary distribution
2018-06-06 15:40:02 2bf8 InnoDB: Warning: Using innodb_additional_mem_pool_size is DEPRECATED. This option may be removed in future releases, together with the option innodb_use_sys_malloc and with the InnoDB's internal memory allocator.
2018-06-06 15:40:02 11256 [Note] InnoDB: innodb_empty_free_list_algorithm has been changed to legacy because of small buffer pool size. In order to use backoff, increase buffer pool at least up to 20MB.

2018-06-06 15:40:02 11256 [Note] InnoDB: Using mutexes to ref count buffer pool pages
2018-06-06 15:40:02 11256 [Note] InnoDB: The InnoDB memory heap is disabled
2018-06-06 15:40:02 11256 [Note] InnoDB: Mutexes and rw_locks use Windows interlocked functions
2018-06-06 15:40:02 11256 [Note] InnoDB: _mm_lfence() and _mm_sfence() are used for memory barrier
2018-06-06 15:40:02 11256 [Note] InnoDB: Compressed tables use zlib 1.2.3
2018-06-06 15:40:02 11256 [Note] InnoDB: Using generic crc32 instructions
2018-06-06 15:40:02 11256 [Note] InnoDB: Initializing buffer pool, size = 16.0M
2018-06-06 15:40:02 11256 [Note] InnoDB: Completed initialization of buffer pool
2018-06-06 15:40:02 11256 [Note] InnoDB: Highest supported file format is Barracuda.
2018-06-06 15:40:02 11256 [Note] InnoDB: The log sequence number 1835037 in ibdata file do not match the log sequence number 1838159 in the ib_logfiles!
2018-06-06 15:40:02 11256 [Note] InnoDB: Restoring possible half-written data pages from the doublewrite buffer...
2018-06-06 15:40:03 11256 [Note] InnoDB: 128 rollback segment(s) are active.
2018-06-06 15:40:03 11256 [Note] InnoDB: Waiting for purge to start
2018-06-06 15:40:03 11256 [Note] InnoDB:  Percona XtraDB (http://www.percona.com) 5.6.38-83.0 started; log sequence number 1838159
2018-06-06 15:40:03 9948 [Note] InnoDB: Dumping buffer pool(s) not yet started
2018-06-06 15:40:04 11256 [Note] Plugin 'FEEDBACK' is disabled.
2018-06-06 15:40:04 11256 [Note] Server socket created on IP: '::'.
2018-06-06 15:40:04 11256 [Note] c:\xampp\mysql\bin\mysqld.exe: ready for connections.
Version: '10.1.32-MariaDB'  socket: ''  port: 3306  mariadb.org binary distribution
